<?xml version="1.0" encoding="UTF-8"?>
<testng-results ignored="0" total="1" passed="1" failed="0" skipped="0">
  <reporter-output>
  </reporter-output>
  <suite started-at="2021-05-13T08:58:00 IST" name="Default suite" finished-at="2021-05-13T08:58:19 IST" duration-ms="18742">
    <groups>
    </groups>
    <test started-at="2021-05-13T08:58:00 IST" name="Default test" finished-at="2021-05-13T08:58:19 IST" duration-ms="18742">
      <class name="com.obsquara.ExecutePage.ExecuteWorkersPage">
        <test-method is-config="true" signature="browserOpen()[pri:0, instance:com.obsquara.ExecutePage.ExecuteWorkersPage@163e4e87]" started-at="2021-05-13T08:58:00 IST" name="browserOpen" finished-at="2021-05-13T08:58:03 IST" duration-ms="2800" status="PASS">
          <reporter-output>
          </reporter-output>
        </test-method> <!-- browserOpen -->
        <test-method signature="testCase3VerifySearchFunctionality()[pri:0, instance:com.obsquara.ExecutePage.ExecuteWorkersPage@163e4e87]" started-at="2021-05-13T08:58:03 IST" name="testCase3VerifySearchFunctionality" finished-at="2021-05-13T08:58:18 IST" duration-ms="15003" status="PASS">
          <reporter-output>
          </reporter-output>
        </test-method> <!-- testCase3VerifySearchFunctionality -->
        <test-method is-config="true" signature="browserClose()[pri:0, instance:com.obsquara.ExecutePage.ExecuteWorkersPage@163e4e87]" started-at="2021-05-13T08:58:18 IST" name="browserClose" finished-at="2021-05-13T08:58:19 IST" duration-ms="892" status="PASS">
          <reporter-output>
          </reporter-output>
        </test-method> <!-- browserClose -->
      </class> <!-- com.obsquara.ExecutePage.ExecuteWorkersPage -->
    </test> <!-- Default test -->
  </suite> <!-- Default suite -->
</testng-results>
